
 OTUS  2024-11-27 16:13:38 - Host: ca43694.tw1.ru - UNCAUGHT_EXCEPTION - [Error] 
 OTUS Call to undefined method Classes\Diagnostic\OtusFileExceptionHandlerLog::testr() (0)
 OTUS /home/c/ca43694/public_html/otus/debug.php:8
 OTUS ----------
 OTUS 
 OTUS 
 OTUS  2024-11-27 16:14:19 - Host: ca43694.tw1.ru - UNCAUGHT_EXCEPTION - [Error] 
 OTUS Call to undefined method Classes\Diagnostic\OtusFileExceptionHandlerLog::testr() (0)
 OTUS /home/c/ca43694/public_html/otus/debug.php:8
 OTUS ----------
 OTUS 
 OTUS 
 OTUS  2024-11-27 16:15:28 - Host: ca43694.tw1.ru - UNCAUGHT_EXCEPTION - [Error] 
 OTUS Call to undefined method Classes\Diagnostic\OtusFileExceptionHandlerLog::testr() (0)
 OTUS /home/c/ca43694/public_html/otus/debug.php:8
 OTUS ----------
 OTUS 
 OTUS 
 OTUS  2024-11-27 16:16:21 - Host: ca43694.tw1.ru - UNCAUGHT_EXCEPTION - [Error] 
 OTUS Call to undefined method Classes\Diagnostic\OtusFileExceptionHandlerLog::testr() (0)
 OTUS /home/c/ca43694/public_html/otus/debug.php:8
 OTUS ----------
 OTUS 
 OTUS 
 OTUS  2024-11-27 17:53:58 - Host: ca43694.tw1.ru - UNCAUGHT_EXCEPTION - [Error] 
 OTUS Call to undefined method Classes\Diagnostic\OtusFileExceptionHandlerLog::testr() (0)
 OTUS /home/c/ca43694/public_html/otus/debug.php:8
 OTUS ----------
 OTUS 
 OTUS 
 OTUS  2024-12-01 17:43:48 - Host: ca43694.tw1.ru - UNCAUGHT_EXCEPTION - [Error] 
 OTUS Call to undefined method Classes\Diagnostic\OtusFileExceptionHandlerLog::testr() (0)
 OTUS /home/c/ca43694/public_html/otus/debug.php:8
 OTUS ----------
 OTUS 
 OTUS 